{"name":"frontend:events:button:click","data":{"view":"events","navigateTo":"contact","dataTestid":"link-to-contact","userId":"12345","timestamp":"2019-06-29T19:04:42.264Z"}}
{"name":"frontend:contact:button:click","data":{"view":"contact","navigateTo":"home","dataTestid":"link-to-home","userId":"12345","timestamp":"2019-06-29T19:04:44.895Z"}}
{"name":"frontend:contact:form:abort","data":{"view":"contact","elementId":"contact-form","userId":"12345","timestamp":"2019-06-29T19:04:44.903Z"}}
{"name":"frontend:home:button:click","data":{"view":"home","dataTestid":"do-a-thing-button","userId":"12345","timestamp":"2019-06-29T19:04:45.481Z"}}
{"name":"frontend:home:button:click","data":{"view":"home","navigateTo":"contact","dataTestid":"link-to-contact","userId":"12345","timestamp":"2019-06-29T19:04:47.252Z"}}
{"name":"frontend:contact:button:click","data":{"view":"contact","navigateTo":"events","dataTestid":"link-to-events","userId":"12345","timestamp":"2019-06-29T19:04:47.506Z"}}
{"name":"frontend:events:button:click","data":{"view":"events","navigateTo":"contact","dataTestid":"link-to-contact","userId":"12345","timestamp":"2019-06-29T19:05:53.942Z"}}
{"name":"frontend:contact:button:click","data":{"view":"contact","navigateTo":"home","dataTestid":"link-to-home","userId":"12345","timestamp":"2019-06-29T19:05:54.486Z"}}
{"name":"frontend:home:button:click","data":{"view":"home","navigateTo":"events","dataTestid":"link-to-events","userId":"12345","timestamp":"2019-06-29T19:05:55.464Z"}}
{"name":"frontend:events:button:click","data":{"view":"events","navigateTo":"contact","dataTestid":"link-to-contact","userId":"12345","timestamp":"2019-06-29T19:06:19.952Z"}}
{"name":"frontend:contact:form:submit","data":{"view":"contact","elementId":"contact-form","userId":"12345","timestamp":"2019-06-29T19:06:24.522Z"}}
{"name":"frontend:contact:button:click","data":{"view":"contact","navigateTo":"events","dataTestid":"link-to-events","userId":"12345","timestamp":"2019-06-29T19:06:26.049Z"}}
{"name":"frontend:events:button:click","data":{"view":"events","navigateTo":"contact","dataTestid":"link-to-contact","userId":"12345","timestamp":"2019-06-29T19:10:54.317Z"}}
{"name":"frontend:contact:button:click","data":{"view":"contact","navigateTo":"home","dataTestid":"link-to-home","userId":"12345","timestamp":"2019-06-29T19:10:54.789Z"}}
{"name":"frontend:home:button:click","data":{"view":"home","navigateTo":"contact","dataTestid":"link-to-contact","userId":"12345","timestamp":"2019-06-29T19:10:55.690Z"}}
{"name":"frontend:contact:button:click","data":{"view":"contact","navigateTo":"events","dataTestid":"link-to-events","userId":"12345","timestamp":"2019-06-29T19:10:56.435Z"}}
{"name":"frontend:events:button:click","data":{"view":"events","navigateTo":"contact","dataTestid":"link-to-contact","userId":"12345","timestamp":"2019-06-29T19:11:10.872Z"}}
{"name":"frontend:contact:button:click","data":{"view":"contact","navigateTo":"home","dataTestid":"link-to-home","userId":"12345","timestamp":"2019-06-29T19:11:11.248Z"}}
{"name":"frontend:home:button:click","data":{"view":"home","navigateTo":"events","dataTestid":"link-to-events","userId":"12345","timestamp":"2019-06-29T19:11:11.800Z"}}
{"name":"frontend:events:button:click","data":{"view":"events","navigateTo":"home","dataTestid":"link-to-home","userId":"12345","timestamp":"2019-06-29T19:18:41.791Z"}}
{"name":"frontend:home:button:click","data":{"view":"home","navigateTo":"events","dataTestid":"link-to-events","userId":"12345","timestamp":"2019-06-29T19:19:33.393Z"}}
{"name":"frontend:events:button:click","data":{"view":"events","navigateTo":"contact","dataTestid":"link-to-contact","userId":"12345","timestamp":"2019-06-29T19:20:09.990Z"}}
{"name":"frontend:contact:button:click","data":{"view":"contact","navigateTo":"home","dataTestid":"link-to-home","userId":"12345","timestamp":"2019-06-29T19:20:10.316Z"}}
{"name":"frontend:home:button:click","data":{"view":"home","navigateTo":"events","dataTestid":"link-to-events","userId":"12345","timestamp":"2019-06-29T19:20:10.784Z"}}
{"name":"frontend:events:button:click","data":{"view":"events","navigateTo":"home","dataTestid":"link-to-home","userId":"12345","timestamp":"2019-06-29T19:20:11.249Z"}}
{"name":"frontend:home:button:click","data":{"view":"home","dataTestid":"do-a-thing-button","userId":"12345","timestamp":"2019-06-29T19:20:11.758Z"}}
{"name":"frontend:home:button:click","data":{"view":"home","navigateTo":"contact","dataTestid":"link-to-contact","userId":"12345","timestamp":"2019-06-29T19:20:13.071Z"}}
{"name":"frontend:contact:button:click","data":{"view":"contact","navigateTo":"events","dataTestid":"link-to-events","userId":"12345","timestamp":"2019-06-29T19:20:13.657Z"}}
{"name":"frontend:events:button:click","data":{"view":"events","navigateTo":"home","dataTestid":"link-to-home","userId":"12345","timestamp":"2019-06-29T19:20:14.541Z"}}
{"name":"frontend:home:button:click","data":{"view":"home","navigateTo":"contact","dataTestid":"link-to-contact","userId":"12345","timestamp":"2019-06-29T19:20:27.154Z"}}
{"name":"frontend:contact:button:click","data":{"view":"contact","navigateTo":"events","dataTestid":"link-to-events","userId":"12345","timestamp":"2019-06-29T19:20:27.597Z"}}
{"name":"frontend:events:button:click","data":{"view":"events","navigateTo":"contact","dataTestid":"link-to-contact","userId":"12345","timestamp":"2019-06-29T19:20:27.862Z"}}
{"name":"frontend:contact:button:click","data":{"view":"contact","navigateTo":"home","dataTestid":"link-to-home","userId":"12345","timestamp":"2019-06-29T19:20:28.078Z"}}
{"name":"frontend:home:button:click","data":{"view":"home","navigateTo":"contact","dataTestid":"link-to-contact","userId":"12345","timestamp":"2019-06-29T19:20:30.502Z"}}
{"name":"frontend:contact:button:click","data":{"view":"contact","navigateTo":"events","dataTestid":"link-to-events","userId":"12345","timestamp":"2019-06-29T19:20:30.744Z"}}
{"name":"frontend:events:button:click","data":{"view":"events","navigateTo":"home","dataTestid":"link-to-home","userId":"12345","timestamp":"2019-06-29T19:20:31.078Z"}}
